<?xml version="1.0" encoding="UTF-8"?>
<!-- Generated by org.testng.reporters.JUnitReportReporter -->
<testsuite hostname="LTIN207742" failures="0" tests="4" name="com.Identify_NewBikes.StepRunner.TestNG" time="0.396" errors="4" timestamp="2024-02-23T17:40:29 IST" skipped="0">
  <testcase classname="com.Identify_NewBikes.StepRunner.TestNG" name="runScenario" time="0.297">
    <error type="java.lang.NullPointerException">
      <![CDATA[java.lang.NullPointerException
at com.Identify_NewBikes.StepDefinitions.Junit_Hooks.setUp(Junit_Hooks.java:30)
]]>
    </error>
  </testcase> <!-- runScenario -->
  <testcase classname="com.Identify_NewBikes.StepRunner.TestNG" name="runScenario" time="0.034">
    <error type="java.lang.NullPointerException">
      <![CDATA[java.lang.NullPointerException
at com.Identify_NewBikes.StepDefinitions.Junit_Hooks.setUp(Junit_Hooks.java:30)
]]>
    </error>
  </testcase> <!-- runScenario -->
  <testcase classname="com.Identify_NewBikes.StepRunner.TestNG" name="runScenario" time="0.036">
    <error type="java.lang.NullPointerException">
      <![CDATA[java.lang.NullPointerException
at com.Identify_NewBikes.StepDefinitions.Junit_Hooks.setUp(Junit_Hooks.java:30)
]]>
    </error>
  </testcase> <!-- runScenario -->
  <testcase classname="com.Identify_NewBikes.StepRunner.TestNG" name="runScenario" time="0.029">
    <error type="java.lang.NullPointerException">
      <![CDATA[java.lang.NullPointerException
at com.Identify_NewBikes.StepDefinitions.Junit_Hooks.setUp(Junit_Hooks.java:30)
]]>
    </error>
  </testcase> <!-- runScenario -->
</testsuite> <!-- com.Identify_NewBikes.StepRunner.TestNG -->
